<?xml version="1.0" encoding="UTF-8"?>
<!-- Generated by org.testng.reporters.JUnitXMLReporter -->
<testsuite hostname="DESKTOP-5OHR9DS" ignored="0" name="Regression Test" tests="2" failures="0" timestamp="2022-12-13T21:37:39 GMT" time="18.679" errors="0">
  <testcase name="userShouldNavigateToLoginPageSuccessfully" time="1.631" classname="com.ultimateqa.courses.testsuite.LoginPageTest"/>
  <testcase name="verifyTheErrorMessage" time="3.192" classname="com.ultimateqa.courses.testsuite.LoginPageTest"/>
</testsuite> <!-- Regression Test -->
