<?xml version="1.0" encoding="UTF-8"?>
<testsuite name="Regression Test"
           tests="2"
           failures="0"
           errors="0"
           skipped="0"
           time="4.823">
  <properties />
  
  
            <testcase name="userShouldNavigateToLoginPageSuccessfully" time="1.631" classname="com.ultimateqa.courses.testsuite.LoginPageTest" />
                <testcase name="verifyTheErrorMessage" time="3.192" classname="com.ultimateqa.courses.testsuite.LoginPageTest" />
      
</testsuite>
