<?xml version="1.0" encoding="UTF-8"?>
<!-- Generated by org.testng.reporters.JUnitXMLReporter -->
<testsuite hostname="LAPTOP-BPI9200A" ignored="0" name="Login Test" tests="2" failures="0" timestamp="2022-12-12T19:23:30 GMT" time="20.024" errors="0">
  <testcase name="userShouldNavigateToLoginPageSuccessfully" time="1.931" classname="com.ultimateqa.courses.testsuite.LoginPageTest"/>
  <testcase name="verifyTheErrorMessage" time="3.776" classname="com.ultimateqa.courses.testsuite.LoginPageTest"/>
</testsuite> <!-- Login Test -->
